# JRE version: Java(TM) SE Runtime Environment (8.0_45-b14) (build 1.8.0_45-b14)
# Java VM: Java HotSpot(TM) 64-Bit Server VM (25.45-b02 mixed mode windows-amd64 compressed oops)
Heap:
 PSYoungGen      total 364032K, used 350807K [0x00000000e0000000, 0x00000000faa80000, 0x0000000100000000)
  eden space 329216K, 100% used [0x00000000e0000000,0x00000000f4180000,0x00000000f4180000)
  from space 34816K, 62% used [0x00000000f8880000,0x00000000f9d95e20,0x00000000faa80000)
  to   space 53760K, 34% used [0x00000000f4180000,0x00000000f53be328,0x00000000f7600000)
 ParOldGen       total 246784K, used 154639K [0x00000000a0000000, 0x00000000af100000, 0x00000000e0000000)
  object space 246784K, 62% used [0x00000000a0000000,0x00000000a9703fb0,0x00000000af100000)
 Metaspace       used 72650K, capacity 76008K, committed 76288K, reserved 1116160K
  class space    used 9332K, capacity 9921K, committed 9984K, reserved 1048576K
GC Heap History (10 events):
Event: 2232.330 GC heap after
Heap after GC invocations=37 (full 8):
 PSYoungGen      total 327680K, used 38052K [0x00000000e0000000, 0x00000000f8900000, 0x0000000100000000)
  eden space 288768K, 0% used [0x00000000e0000000,0x00000000e0000000,0x00000000f1a00000)
  from space 38912K, 97% used [0x00000000f1a00000,0x00000000f3f29270,0x00000000f4000000)
  to   space 45056K, 0% used [0x00000000f5d00000,0x00000000f5d00000,0x00000000f8900000)
 ParOldGen       total 163840K, used 101573K [0x00000000a0000000, 0x00000000aa000000, 0x00000000e0000000)
  object space 163840K, 61% used [0x00000000a0000000,0x00000000a6331430,0x00000000aa000000)
 Metaspace       used 72276K, capacity 75418K, committed 75776K, reserved 1116160K
  class space    used 9297K, capacity 9842K, committed 9984K, reserved 1048576K
}
Event: 2235.236 GC heap before
{Heap before GC invocations=38 (full 8):
 PSYoungGen      total 327680K, used 326820K [0x00000000e0000000, 0x00000000f8900000, 0x0000000100000000)
  eden space 288768K, 100% used [0x00000000e0000000,0x00000000f1a00000,0x00000000f1a00000)
  from space 38912K, 97% used [0x00000000f1a00000,0x00000000f3f29270,0x00000000f4000000)
  to   space 45056K, 0% used [0x00000000f5d00000,0x00000000f5d00000,0x00000000f8900000)
 ParOldGen       total 163840K, used 101573K [0x00000000a0000000, 0x00000000aa000000, 0x00000000e0000000)
  object space 163840K, 61% used [0x00000000a0000000,0x00000000a6331430,0x00000000aa000000)
 Metaspace       used 72355K, capacity 75588K, committed 76032K, reserved 1116160K
  class space    used 9306K, capacity 9853K, committed 9984K, reserved 1048576K
Event: 2235.605 GC heap after
Heap after GC invocations=38 (full 8):
 PSYoungGen      total 344576K, used 45047K [0x00000000e0000000, 0x00000000fb100000, 0x0000000100000000)
  eden space 299520K, 0% used [0x00000000e0000000,0x00000000e0000000,0x00000000f2480000)
  from space 45056K, 99% used [0x00000000f5d00000,0x00000000f88fdf30,0x00000000f8900000)
  to   space 57856K, 0% used [0x00000000f2480000,0x00000000f2480000,0x00000000f5d00000)
 ParOldGen       total 163840K, used 115571K [0x00000000a0000000, 0x00000000aa000000, 0x00000000e0000000)
  object space 163840K, 70% used [0x00000000a0000000,0x00000000a70dccc0,0x00000000aa000000)
 Metaspace       used 72355K, capacity 75588K, committed 76032K, reserved 1116160K
  class space    used 9306K, capacity 9853K, committed 9984K, reserved 1048576K
}
Event: 2238.621 GC heap before
{Heap before GC invocations=39 (full 8):
 PSYoungGen      total 344576K, used 344567K [0x00000000e0000000, 0x00000000fb100000, 0x0000000100000000)
  eden space 299520K, 100% used [0x00000000e0000000,0x00000000f2480000,0x00000000f2480000)
  from space 45056K, 99% used [0x00000000f5d00000,0x00000000f88fdf30,0x00000000f8900000)
  to   space 57856K, 0% used [0x00000000f2480000,0x00000000f2480000,0x00000000f5d00000)
 ParOldGen       total 163840K, used 115571K [0x00000000a0000000, 0x00000000aa000000, 0x00000000e0000000)
  object space 163840K, 70% used [0x00000000a0000000,0x00000000a70dccc0,0x00000000aa000000)
 Metaspace       used 72370K, capacity 75588K, committed 76032K, reserved 1116160K
  class space    used 9306K, capacity 9853K, committed 9984K, reserved 1048576K
Event: 2238.908 GC heap after
Heap after GC invocations=39 (full 8):
 PSYoungGen      total 357376K, used 28765K [0x00000000e0000000, 0x00000000fc000000, 0x0000000100000000)
  eden space 299520K, 0% used [0x00000000e0000000,0x00000000e0000000,0x00000000f2480000)
  from space 57856K, 49% used [0x00000000f2480000,0x00000000f4097610,0x00000000f5d00000)
  to   space 56832K, 0% used [0x00000000f8880000,0x00000000f8880000,0x00000000fc000000)
 ParOldGen       total 163840K, used 153772K [0x00000000a0000000, 0x00000000aa000000, 0x00000000e0000000)
  object space 163840K, 93% used [0x00000000a0000000,0x00000000a962b338,0x00000000aa000000)
 Metaspace       used 72370K, capacity 75588K, committed 76032K, reserved 1116160K
  class space    used 9306K, capacity 9853K, committed 9984K, reserved 1048576K
}
Event: 2238.908 GC heap before
{Heap before GC invocations=40 (full 9):
 PSYoungGen      total 357376K, used 28765K [0x00000000e0000000, 0x00000000fc000000, 0x0000000100000000)
  eden space 299520K, 0% used [0x00000000e0000000,0x00000000e0000000,0x00000000f2480000)
  from space 57856K, 49% used [0x00000000f2480000,0x00000000f4097610,0x00000000f5d00000)
  to   space 56832K, 0% used [0x00000000f8880000,0x00000000f8880000,0x00000000fc000000)
 ParOldGen       total 163840K, used 153772K [0x00000000a0000000, 0x00000000aa000000, 0x00000000e0000000)
  object space 163840K, 93% used [0x00000000a0000000,0x00000000a962b338,0x00000000aa000000)
 Metaspace       used 72370K, capacity 75588K, committed 76032K, reserved 1116160K
  class space    used 9306K, capacity 9853K, committed 9984K, reserved 1048576K
Event: 2241.948 GC heap after
Heap after GC invocations=40 (full 9):
 PSYoungGen      total 357376K, used 0K [0x00000000e0000000, 0x00000000fc000000, 0x0000000100000000)
  eden space 299520K, 0% used [0x00000000e0000000,0x00000000e0000000,0x00000000f2480000)
  from space 57856K, 0% used [0x00000000f2480000,0x00000000f2480000,0x00000000f5d00000)
  to   space 56832K, 0% used [0x00000000f8880000,0x00000000f8880000,0x00000000fc000000)
 ParOldGen       total 246784K, used 154631K [0x00000000a0000000, 0x00000000af100000, 0x00000000e0000000)
  object space 246784K, 62% used [0x00000000a0000000,0x00000000a9701fb0,0x00000000af100000)
 Metaspace       used 72370K, capacity 75588K, committed 76032K, reserved 1116160K
  class space    used 9306K, capacity 9853K, committed 9984K, reserved 1048576K
}
Event: 2265.153 GC heap before
{Heap before GC invocations=41 (full 9):
 PSYoungGen      total 357376K, used 299520K [0x00000000e0000000, 0x00000000fc000000, 0x0000000100000000)
  eden space 299520K, 100% used [0x00000000e0000000,0x00000000f2480000,0x00000000f2480000)
  from space 57856K, 0% used [0x00000000f2480000,0x00000000f2480000,0x00000000f5d00000)
  to   space 56832K, 0% used [0x00000000f8880000,0x00000000f8880000,0x00000000fc000000)
 ParOldGen       total 246784K, used 154631K [0x00000000a0000000, 0x00000000af100000, 0x00000000e0000000)
  object space 246784K, 62% used [0x00000000a0000000,0x00000000a9701fb0,0x00000000af100000)
 Metaspace       used 72473K, capacity 75712K, committed 76032K, reserved 1116160K
  class space    used 9311K, capacity 9889K, committed 9984K, reserved 1048576K
Event: 2265.312 GC heap after
Heap after GC invocations=41 (full 9):
 PSYoungGen      total 364032K, used 21591K [0x00000000e0000000, 0x00000000faa80000, 0x0000000100000000)
  eden space 329216K, 0% used [0x00000000e0000000,0x00000000e0000000,0x00000000f4180000)
  from space 34816K, 62% used [0x00000000f8880000,0x00000000f9d95e20,0x00000000faa80000)
  to   space 53760K, 0% used [0x00000000f4180000,0x00000000f4180000,0x00000000f7600000)
 ParOldGen       total 246784K, used 154639K [0x00000000a0000000, 0x00000000af100000, 0x00000000e0000000)
  object space 246784K, 62% used [0x00000000a0000000,0x00000000a9703fb0,0x00000000af100000)
 Metaspace       used 72473K, capacity 75712K, committed 76032K, reserved 1116160K
  class space    used 9311K, capacity 9889K, committed 9984K, reserved 1048576K
}
Event: 2379.435 GC heap before
{Heap before GC invocations=42 (full 9):
 PSYoungGen      total 364032K, used 350807K [0x00000000e0000000, 0x00000000faa80000, 0x0000000100000000)
  eden space 329216K, 100% used [0x00000000e0000000,0x00000000f4180000,0x00000000f4180000)
  from space 34816K, 62% used [0x00000000f8880000,0x00000000f9d95e20,0x00000000faa80000)
  to   space 53760K, 0% used [0x00000000f4180000,0x00000000f4180000,0x00000000f7600000)
 ParOldGen       total 246784K, used 154639K [0x00000000a0000000, 0x00000000af100000, 0x00000000e0000000)
  object space 246784K, 62% used [0x00000000a0000000,0x00000000a9703fb0,0x00000000af100000)
 Metaspace       used 72650K, capacity 76008K, committed 76288K, reserved 1116160K
  class space    used 9332K, capacity 9921K, committed 9984K, reserved 1048576K

